<?xml version="1.0" encoding="UTF-8"?>
<testng-results skipped="0" failed="0" ignored="0" total="9" passed="9">
  <reporter-output>
  </reporter-output>
  <suite name="Tests" duration-ms="3064" started-at="2019-09-25T09:37:55Z" finished-at="2019-09-25T09:37:58Z">
    <groups>
    </groups>
    <test name="test" duration-ms="3064" started-at="2019-09-25T09:37:55Z" finished-at="2019-09-25T09:37:58Z">
      <class name="testCase.ReadFile">
        <test-method status="PASS" signature="readJsonFile()[pri:0, instance:testCase.ReadFile@11531931]" name="readJsonFile" duration-ms="376" started-at="2019-09-25T17:37:55Z" finished-at="2019-09-25T17:37:55Z">
          <reporter-output>
          </reporter-output>
        </test-method> <!-- readJsonFile -->
        <test-method status="PASS" signature="controlDeviceByOperCode()[pri:0, instance:testCase.ReadFile@11531931]" name="controlDeviceByOperCode" duration-ms="2253" started-at="2019-09-25T17:37:55Z" depends-on-methods="testCase.ReadFile.readJsonFile" finished-at="2019-09-25T17:37:57Z">
          <reporter-output>
          </reporter-output>
        </test-method> <!-- controlDeviceByOperCode -->
        <test-method status="PASS" signature="checkSnoRepeat()[pri:1, instance:testCase.ReadFile@11531931]" name="checkSnoRepeat" duration-ms="79" started-at="2019-09-25T17:37:57Z" finished-at="2019-09-25T17:37:57Z">
          <reporter-output>
          </reporter-output>
        </test-method> <!-- checkSnoRepeat -->
        <test-method status="PASS" signature="queryMacByDevUuid()[pri:2, instance:testCase.ReadFile@11531931]" name="queryMacByDevUuid" duration-ms="49" started-at="2019-09-25T17:37:57Z" finished-at="2019-09-25T17:37:57Z">
          <reporter-output>
          </reporter-output>
        </test-method> <!-- queryMacByDevUuid -->
        <test-method status="PASS" signature="getDeviceState()[pri:3, instance:testCase.ReadFile@11531931]" name="getDeviceState" duration-ms="43" started-at="2019-09-25T17:37:57Z" finished-at="2019-09-25T17:37:57Z">
          <reporter-output>
          </reporter-output>
        </test-method> <!-- getDeviceState -->
        <test-method status="PASS" signature="query()[pri:4, instance:testCase.ReadFile@11531931]" name="query" duration-ms="36" started-at="2019-09-25T17:37:57Z" finished-at="2019-09-25T17:37:57Z">
          <reporter-output>
          </reporter-output>
        </test-method> <!-- query -->
        <test-method status="PASS" signature="control()[pri:5, instance:testCase.ReadFile@11531931]" name="control" duration-ms="38" started-at="2019-09-25T17:37:57Z" finished-at="2019-09-25T17:37:57Z">
          <reporter-output>
          </reporter-output>
        </test-method> <!-- control -->
        <test-method status="PASS" signature="result()[pri:6, instance:testCase.ReadFile@11531931]" name="result" duration-ms="54" started-at="2019-09-25T17:37:57Z" depends-on-methods="testCase.ReadFile.readJsonFile" finished-at="2019-09-25T17:37:58Z">
          <reporter-output>
          </reporter-output>
        </test-method> <!-- result -->
        <test-method status="PASS" signature="deviceNotify()[pri:7, instance:testCase.ReadFile@11531931]" name="deviceNotify" duration-ms="32" started-at="2019-09-25T17:37:58Z" depends-on-methods="testCase.ReadFile.readJsonFile" finished-at="2019-09-25T17:37:58Z">
          <reporter-output>
          </reporter-output>
        </test-method> <!-- deviceNotify -->
      </class> <!-- testCase.ReadFile -->
    </test> <!-- test -->
  </suite> <!-- Tests -->
</testng-results>
