<?xml version="1.0" encoding="UTF-8"?>
<testng-results skipped="0" failed="0" total="1" passed="1">
  <reporter-output>
  </reporter-output>
  <suite name="Tests" duration-ms="2127" started-at="2019-07-29T10:08:10Z" finished-at="2019-07-29T10:08:12Z">
    <groups>
    </groups>
    <test name="test" duration-ms="2127" started-at="2019-07-29T10:08:10Z" finished-at="2019-07-29T10:08:12Z">
      <class name="com.test.dataprovider.NewTest1">
        <test-method status="PASS" signature="BeforeSuite()[pri:0, instance:com.test.dataprovider.NewTest1@1e9e725a]" name="BeforeSuite" is-config="true" duration-ms="37" started-at="2019-07-29T18:08:10Z" finished-at="2019-07-29T18:08:10Z">
          <reporter-output>
          </reporter-output>
        </test-method> <!-- BeforeSuite -->
        <test-method status="PASS" signature="Sheet1([Ljava.lang.Object;)[pri:0, instance:com.test.dataprovider.NewTest1@1e9e725a]" name="Sheet1" duration-ms="1517" started-at="2019-07-29T18:08:11Z" data-provider="GetTestData" finished-at="2019-07-29T18:08:12Z">
          <params>
            <param index="0">
              <value>
                <![CDATA[[Ljava.lang.String;@d737b89]]>
              </value>
            </param>
          </params>
          <reporter-output>
          </reporter-output>
        </test-method> <!-- Sheet1 -->
      </class> <!-- com.test.dataprovider.NewTest1 -->
    </test> <!-- test -->
  </suite> <!-- Tests -->
</testng-results>
